clingo version 4.4.0
Reading from School.xmi.clingo
----------------------------------------------------------------------------|
Solving...
Answer: 73
boolean(true) boolean(false) integer(0) integer(1) integer(2) integer(3) integer(4) integer(5) integer(6) integer(7) integer(8) integer(9) integer(10) integer(11) integer(12) integer(13) integer(14) integer(15) integer(16) integer(17) integer(18) integer(19) integer(20) newobj(0) newobj(1) newobj(2) newobj(3) newobj(4) newobj(5) newobj(6) newobj(7) newobj(8) newobj(9) newobj(10) newobj(11) newobj(12) newobj(13) newobj(14) newobj(15) newobj(16) newobj(17) newobj(18) newobj(19) bop_not(true,false) bop_not(false,true) bop_and(true,true,true) bop_or(true,true,true) bop_implies(true,true,true) bop_and(true,false,false) bop_or(true,false,true) bop_implies(true,false,false) bop_and(false,true,false) bop_or(false,true,true) bop_implies(false,true,true) bop_and(false,false,false) bop_or(false,false,false) bop_implies(false,false,true) weekday(monday) weekday(tuesday) weekday(wednesday) weekday(thursday) weekday(friday) weekday(saturday) current_m1_School(school1) curobj(school1) current_assoc_School_persons(school1,teacher1) current_assoc_School_persons(school1,student1) current_m1_Teacher(teacher1) curobj(teacher1) current_attr_Person_name(teacher1,studentname) current_attr_Person_email(teacher1,bobbuggmxat) current_m1_Student(student1) curobj(student1) current_attr_Person_name(student1,teachername) current_attr_Student_matrnr(student1,2) current_m1_Person(teacher1) current_m1_Person(student1) m1_Person(teacher1) m1_Person(student1) m1_School(school1) m1_Student(student1) preserve(school1) preserve(student1) m1_Teacher(teacher1) preserve(teacher1) op_test2(1,1) op_test2(1) create(1) m1_Course(1) string(studentname) string(teachername) string(bobbuggmxat) attr_Person_name(teacher1,studentname) preserve_attr_Person_name(teacher1,studentname) attr_Person_name(student1,teachername) preserve_attr_Person_name(student1,teachername) attr_Person_email(teacher1,bobbuggmxat) preserve_attr_Person_email(teacher1,bobbuggmxat) attrRuletest_p_matrNrRight(1) attrRuletest_p_matrNr(0,1) attrRuletest_p_matrNr(1,2) attrRuletest_p_matrNr(2,3) attrRuletest_p_matrNr(3,4) attrRuletest_p_matrNr(4,5) attrRuletest_p_matrNr(5,6) attrRuletest_p_matrNr(6,7) attrRuletest_p_matrNr(7,8) attrRuletest_p_matrNr(8,9) attrRuletest_p_matrNr(9,10) attrRuletest_p_matrNr(10,11) attrRuletest_p_matrNr(11,12) attrRuletest_p_matrNr(12,13) attrRuletest_p_matrNr(13,14) attrRuletest_p_matrNr(14,15) attrRuletest_p_matrNr(15,16) attrRuletest_p_matrNr(16,17) attrRuletest_p_matrNr(17,18) attrRuletest_p_matrNr(18,19) attrRuletest_p_matrNr(19,20) attrRuletest_p_matrNr(20,21) create_attr_Student_matrnr(student1,3) op_testp(1,student1) attr_Student_matrnr(student1,3) delete_attr_Student_matrnr(student1,2) create_assoc_Student_attends(student1,1) create_assoc_Course_attending(1,student1) assoc_Course_attending(1,student1) assoc_Student_attends(student1,1) assoc_School_persons(school1,teacher1) preserve_assoc_School_persons(school1,teacher1) assoc_School_persons(school1,student1) preserve_assoc_School_persons(school1,student1) costRuletestLeft(5) costRuletestRight(student1,2) costRuletest(student1,10) personnameBodyLeft(teacher1,studentname) personnameBodyLeft(student1,teachername) personnameBodyRight(teacher1,studentname) personnameBodyRight(student1,teachername) personnameBodyUnequal(teacher1,true) personnameBodyUnequal(student1,true) personnameBody(teacher1,true) personnameBody(student1,true) personnameBody(teacher1,false) personnameBody(student1,false) personnameHave(teacher1,true) personnameHave(student1,true) personnameHave(teacher1,false) personnameHave(student1,false) personnameDouble(teacher1,true) personnameDouble(student1,true) personname(teacher1,true) personname(student1,true) personname(teacher1,false) personname(student1,false) haveattendsSourceSrc(student1,1) haveattendsSource(student1,false) haveattends(student1,true) nouse(0) nouse(2) nouse(3) nouse(4) nouse(5) nouse(6) nouse(7) nouse(8) nouse(9) nouse(10) nouse(11) nouse(12) nouse(13) nouse(14) nouse(15) nouse(16) nouse(17) nouse(18) nouse(19) op_test1(student1,1)
Optimization: 1 16
OPTIMUM FOUND

Models       : 73    
  Optimum    : yes
Optimization : 1 16
Time         : 0.169s (Solving: 0.00s 1st Model: 0.00s Unsat: 0.00s)
CPU Time     : 0.062s
=============================== Accumulation ===============================|
OPTIMUM FOUND

Models       : 73    
  Optimum    : yes
Optimization : 1 16
Calls        : 1
Time         : 0.169s (Solving: 0.00s 1st Model: 0.00s Unsat: 0.00s)
CPU Time     : 0.062s
